[2025-11-27 16:33:51 +0000] [3695] [INFO] Starting gunicorn 23.0.0
[2025-11-27 16:33:51 +0000] [3695] [INFO] Listening at: http://0.0.0.0:8000 (3695)
[2025-11-27 16:33:51 +0000] [3695] [INFO] Using worker: sync
[2025-11-27 16:33:51 +0000] [3696] [INFO] Booting worker with pid: 3696
[2025-11-27 16:33:51 +0000] [3697] [INFO] Booting worker with pid: 3697
[2025-11-27 16:33:51 +0000] [3696] [ERROR] Exception in worker process
Traceback (most recent call last):
  File "/var/www/flask-staging/venv/lib/python3.12/site-packages/gunicorn/arbiter.py", line 608, in spawn_worker
    worker.init_process()
  File "/var/www/flask-staging/venv/lib/python3.12/site-packages/gunicorn/workers/base.py", line 135, in init_process
    self.load_wsgi()
  File "/var/www/flask-staging/venv/lib/python3.12/site-packages/gunicorn/workers/base.py", line 147, in load_wsgi
    self.wsgi = self.app.wsgi()
                ^^^^^^^^^^^^^^^
  File "/var/www/flask-staging/venv/lib/python3.12/site-packages/gunicorn/app/base.py", line 66, in wsgi
    self.callable = self.load()
                    ^^^^^^^^^^^
  File "/var/www/flask-staging/venv/lib/python3.12/site-packages/gunicorn/app/wsgiapp.py", line 57, in load
    return self.load_wsgiapp()
           ^^^^^^^^^^^^^^^^^^^
  File "/var/www/flask-staging/venv/lib/python3.12/site-packages/gunicorn/app/wsgiapp.py", line 47, in load_wsgiapp
    return util.import_app(self.app_uri)
           ^^^^^^^^^^^^^^^^^^^^^^^^^^^^^
  File "/var/www/flask-staging/venv/lib/python3.12/site-packages/gunicorn/util.py", line 370, in import_app
    mod = importlib.import_module(module)
          ^^^^^^^^^^^^^^^^^^^^^^^^^^^^^^^
  File "/usr/lib/python3.12/importlib/__init__.py", line 90, in import_module
    return _bootstrap._gcd_import(name[level:], package, level)
           ^^^^^^^^^^^^^^^^^^^^^^^^^^^^^^^^^^^^^^^^^^^^^^^^^^^^
  File "<frozen importlib._bootstrap>", line 1387, in _gcd_import
  File "<frozen importlib._bootstrap>", line 1360, in _find_and_load
  File "<frozen importlib._bootstrap>", line 1331, in _find_and_load_unlocked
  File "<frozen importlib._bootstrap>", line 935, in _load_unlocked
  File "<frozen importlib._bootstrap_external>", line 995, in exec_module
  File "<frozen importlib._bootstrap>", line 488, in _call_with_frames_removed
  File "/var/www/flask-staging/app.py", line 2, in <module>
    from flask_pymongo import PyMongo
  File "/var/www/flask-staging/venv/lib/python3.12/site-packages/flask_pymongo/__init__.py", line 34, in <module>
    import pymongo
  File "/var/www/flask-staging/venv/lib/python3.12/site-packages/pymongo/__init__.py", line 91, in <module>
    from pymongo.asynchronous.mongo_client import AsyncMongoClient
  File "/var/www/flask-staging/venv/lib/python3.12/site-packages/pymongo/asynchronous/mongo_client.py", line 64, in <module>
    from pymongo import _csot, common, helpers_shared, periodic_executor
  File "/var/www/flask-staging/venv/lib/python3.12/site-packages/pymongo/common.py", line 39, in <module>
    from bson import SON
ImportError: cannot import name 'SON' from 'bson' (/var/www/flask-staging/venv/lib/python3.12/site-packages/bson/__init__.py)
[2025-11-27 16:33:51 +0000] [3696] [INFO] Worker exiting (pid: 3696)
[2025-11-27 16:33:51 +0000] [3695] [ERROR] Worker (pid:3696) exited with code 3
[2025-11-27 16:33:52 +0000] [3697] [ERROR] Exception in worker process
Traceback (most recent call last):
  File "/var/www/flask-staging/venv/lib/python3.12/site-packages/gunicorn/arbiter.py", line 608, in spawn_worker
    worker.init_process()
  File "/var/www/flask-staging/venv/lib/python3.12/site-packages/gunicorn/workers/base.py", line 135, in init_process
    self.load_wsgi()
  File "/var/www/flask-staging/venv/lib/python3.12/site-packages/gunicorn/workers/base.py", line 147, in load_wsgi
    self.wsgi = self.app.wsgi()
                ^^^^^^^^^^^^^^^
  File "/var/www/flask-staging/venv/lib/python3.12/site-packages/gunicorn/app/base.py", line 66, in wsgi
    self.callable = self.load()
                    ^^^^^^^^^^^
  File "/var/www/flask-staging/venv/lib/python3.12/site-packages/gunicorn/app/wsgiapp.py", line 57, in load
    return self.load_wsgiapp()
           ^^^^^^^^^^^^^^^^^^^
  File "/var/www/flask-staging/venv/lib/python3.12/site-packages/gunicorn/app/wsgiapp.py", line 47, in load_wsgiapp
    return util.import_app(self.app_uri)
           ^^^^^^^^^^^^^^^^^^^^^^^^^^^^^
  File "/var/www/flask-staging/venv/lib/python3.12/site-packages/gunicorn/util.py", line 370, in import_app
    mod = importlib.import_module(module)
          ^^^^^^^^^^^^^^^^^^^^^^^^^^^^^^^
  File "/usr/lib/python3.12/importlib/__init__.py", line 90, in import_module
    return _bootstrap._gcd_import(name[level:], package, level)
           ^^^^^^^^^^^^^^^^^^^^^^^^^^^^^^^^^^^^^^^^^^^^^^^^^^^^
  File "<frozen importlib._bootstrap>", line 1387, in _gcd_import
  File "<frozen importlib._bootstrap>", line 1360, in _find_and_load
  File "<frozen importlib._bootstrap>", line 1331, in _find_and_load_unlocked
  File "<frozen importlib._bootstrap>", line 935, in _load_unlocked
  File "<frozen importlib._bootstrap_external>", line 995, in exec_module
  File "<frozen importlib._bootstrap>", line 488, in _call_with_frames_removed
  File "/var/www/flask-staging/app.py", line 2, in <module>
    from flask_pymongo import PyMongo
  File "/var/www/flask-staging/venv/lib/python3.12/site-packages/flask_pymongo/__init__.py", line 34, in <module>
    import pymongo
  File "/var/www/flask-staging/venv/lib/python3.12/site-packages/pymongo/__init__.py", line 91, in <module>
    from pymongo.asynchronous.mongo_client import AsyncMongoClient
  File "/var/www/flask-staging/venv/lib/python3.12/site-packages/pymongo/asynchronous/mongo_client.py", line 64, in <module>
    from pymongo import _csot, common, helpers_shared, periodic_executor
  File "/var/www/flask-staging/venv/lib/python3.12/site-packages/pymongo/common.py", line 39, in <module>
    from bson import SON
ImportError: cannot import name 'SON' from 'bson' (/var/www/flask-staging/venv/lib/python3.12/site-packages/bson/__init__.py)
[2025-11-27 16:33:52 +0000] [3697] [INFO] Worker exiting (pid: 3697)
[2025-11-27 16:33:52 +0000] [3695] [ERROR] Worker (pid:3697) exited with code 3
Traceback (most recent call last):
  File "/var/www/flask-staging/venv/lib/python3.12/site-packages/gunicorn/arbiter.py", line 208, in run
    self.sleep()
  File "/var/www/flask-staging/venv/lib/python3.12/site-packages/gunicorn/arbiter.py", line 359, in sleep
    ready = select.select([self.PIPE[0]], [], [], 1.0)
            ^^^^^^^^^^^^^^^^^^^^^^^^^^^^^^^^^^^^^^^^^^
  File "/var/www/flask-staging/venv/lib/python3.12/site-packages/gunicorn/arbiter.py", line 241, in handle_chld
    self.reap_workers()
  File "/var/www/flask-staging/venv/lib/python3.12/site-packages/gunicorn/arbiter.py", line 529, in reap_workers
    raise HaltServer(reason, self.WORKER_BOOT_ERROR)
gunicorn.errors.HaltServer: <HaltServer 'Worker failed to boot.' 3>

During handling of the above exception, another exception occurred:

Traceback (most recent call last):
  File "/var/www/flask-staging/venv/bin/gunicorn", line 8, in <module>
    sys.exit(run())
             ^^^^^
  File "/var/www/flask-staging/venv/lib/python3.12/site-packages/gunicorn/app/wsgiapp.py", line 66, in run
    WSGIApplication("%(prog)s [OPTIONS] [APP_MODULE]", prog=prog).run()
  File "/var/www/flask-staging/venv/lib/python3.12/site-packages/gunicorn/app/base.py", line 235, in run
    super().run()
  File "/var/www/flask-staging/venv/lib/python3.12/site-packages/gunicorn/app/base.py", line 71, in run
    Arbiter(self).run()
  File "/var/www/flask-staging/venv/lib/python3.12/site-packages/gunicorn/arbiter.py", line 228, in run
    self.halt(reason=inst.reason, exit_status=inst.exit_status)
  File "/var/www/flask-staging/venv/lib/python3.12/site-packages/gunicorn/arbiter.py", line 341, in halt
    self.stop()
  File "/var/www/flask-staging/venv/lib/python3.12/site-packages/gunicorn/arbiter.py", line 395, in stop
    time.sleep(0.1)
  File "/var/www/flask-staging/venv/lib/python3.12/site-packages/gunicorn/arbiter.py", line 241, in handle_chld
    self.reap_workers()
  File "/var/www/flask-staging/venv/lib/python3.12/site-packages/gunicorn/arbiter.py", line 529, in reap_workers
    raise HaltServer(reason, self.WORKER_BOOT_ERROR)
gunicorn.errors.HaltServer: <HaltServer 'Worker failed to boot.' 3>
